
<Error> 
<title>
<rang>
CRITIC
</rang>
<Type>
64
</Type> 
<date>[2016.01.5] 09:07:54
</date>
<description>
 EROOR: 'require_once() [<a href='function.require'>function.require</a>]: Failed opening required 'core/lib/ModulsRunner.php' (include_path='.;c:/openserver/modules/php/PHP-5.2;c:/openserver/modules/php/PHP-5.2/PEAR/pear')' in file 'C:\OpenServer\domains\testmasteke.leo\core\global.php' on line: 9
</description>
</Error>
<Error> 
<title>
<rang>
CRITIC
</rang>
<Type>
1
</Type> 
<date>[2016.01.5] 09:08:50
</date>
<description>
 EROOR: 'Class 'CrCoreUserAuth' not found' in file 'C:\OpenServer\domains\testmasteke.leo\core\global.php' on line: 41
</description>
</Error>
<Error> 
<title>
<rang>
CRITIC
</rang>
<Type>
4
</Type> 
<date>[2016.01.5] 09:15:20
</date>
<description>
 EROOR: 'syntax error, unexpected $end' in file 'C:\OpenServer\domains\testmasteke.leo\core\global.php' on line: 50
</description>
</Error>
<Error> 
<title>
<rang>
CRITIC
</rang>
<Type>
4
</Type> 
<date>[2016.01.5] 17:32:40
</date>
<description>
 EROOR: 'syntax error, unexpected '[', expecting ',' or ';'' in file 'C:\OpenServer\domains\testmasteke.leo\core\lib\CrEngine.php' on line: 10
</description>
</Error>